This file contains any messages produced by compilers while
running configure, to aid debugging if configure makes a mistake.

It was created by freeglut library configure 2.6.0, which was
generated by GNU Autoconf 2.61.  Invocation command line was

  $ ./configure 

## --------- ##
## Platform. ##
## --------- ##

hostname = yellow-11.csc.kth.se
uname -m = x86_64
uname -r = 2.6.32-38-generic
uname -s = Linux
uname -v = #83-Ubuntu SMP Wed Jan 4 11:12:07 UTC 2012

/usr/bin/uname -p = unknown
/bin/uname -X     = unknown

/bin/arch              = unknown
/usr/bin/arch -k       = unknown
/usr/convex/getsysinfo = unknown
/usr/bin/hostinfo      = unknown
/bin/machine           = unknown
/usr/bin/oslevel       = unknown
/bin/universe          = unknown

PATH: /pkg/sima/1.0/client
PATH: /usr/local/sbin
PATH: /usr/local/bin
PATH: /usr/sbin
PATH: /usr/bin
PATH: /sbin
PATH: /bin
PATH: /usr/games
PATH: /afs/nada.kth.se/info/progp07/syntax/bin
PATH: /afs/nada.kth.se/info/syntax05/bin
PATH: /usr/local/hacks/bin


## ----------- ##
## Core tests. ##
## ----------- ##

configure:2007: checking for a BSD-compatible install
configure:2063: result: /usr/bin/install -c
configure:2074: checking whether build environment is sane
configure:2117: result: yes
configure:2145: checking for a thread-safe mkdir -p
configure:2184: result: /bin/mkdir -p
configure:2197: checking for gawk
configure:2213: found /usr/bin/gawk
configure:2224: result: gawk
configure:2235: checking whether make sets $(MAKE)
configure:2256: result: yes
configure:2501: checking for gcc
configure:2517: found /usr/bin/gcc
configure:2528: result: gcc
configure:2766: checking for C compiler version
configure:2773: gcc --version >&5
gcc (Ubuntu 4.4.3-4ubuntu5) 4.4.3
Copyright (C) 2009 Free Software Foundation, Inc.
This is free software; see the source for copying conditions.  There is NO
warranty; not even for MERCHANTABILITY or FITNESS FOR A PARTICULAR PURPOSE.

configure:2776: $? = 0
configure:2783: gcc -v >&5
Using built-in specs.
Target: x86_64-linux-gnu
Configured with: ../src/configure -v --with-pkgversion='Ubuntu 4.4.3-4ubuntu5' --with-bugurl=file:///usr/share/doc/gcc-4.4/README.Bugs --enable-languages=c,c++,fortran,objc,obj-c++ --prefix=/usr --enable-shared --enable-multiarch --enable-linker-build-id --with-system-zlib --libexecdir=/usr/lib --without-included-gettext --enable-threads=posix --with-gxx-include-dir=/usr/include/c++/4.4 --program-suffix=-4.4 --enable-nls --enable-clocale=gnu --enable-libstdcxx-debug --enable-plugin --enable-objc-gc --disable-werror --with-arch-32=i486 --with-tune=generic --enable-checking=release --build=x86_64-linux-gnu --host=x86_64-linux-gnu --target=x86_64-linux-gnu
Thread model: posix
gcc version 4.4.3 (Ubuntu 4.4.3-4ubuntu5) 
configure:2786: $? = 0
configure:2793: gcc -V >&5
gcc: '-V' option must have argument
configure:2796: $? = 1
configure:2819: checking for C compiler default output file name
configure:2846: gcc    conftest.c  >&5
configure:2849: $? = 0
configure:2887: result: a.out
configure:2904: checking whether the C compiler works
configure:2914: ./a.out
configure:2917: $? = 0
configure:2934: result: yes
configure:2941: checking whether we are cross compiling
configure:2943: result: no
configure:2946: checking for suffix of executables
configure:2953: gcc -o conftest    conftest.c  >&5
configure:2956: $? = 0
configure:2980: result: 
configure:2986: checking for suffix of object files
configure:3012: gcc -c   conftest.c >&5
configure:3015: $? = 0
configure:3038: result: o
configure:3042: checking whether we are using the GNU C compiler
configure:3071: gcc -c   conftest.c >&5
configure:3077: $? = 0
configure:3094: result: yes
configure:3099: checking whether gcc accepts -g
configure:3129: gcc -c -g  conftest.c >&5
configure:3135: $? = 0
configure:3234: result: yes
configure:3251: checking for gcc option to accept ISO C89
configure:3325: gcc  -c -g -O2  conftest.c >&5
configure:3331: $? = 0
configure:3354: result: none needed
configure:3383: checking for style of include used by make
configure:3411: result: GNU
configure:3436: checking dependency style of gcc
configure:3527: result: gcc3
configure:3543: checking whether gcc and cc understand -c and -o together
configure:3578: gcc -c conftest.c -o conftest2.o >&5
configure:3581: $? = 0
configure:3587: gcc -c conftest.c -o conftest2.o >&5
configure:3590: $? = 0
configure:3601: cc -c conftest.c >&5
configure:3604: $? = 0
configure:3612: cc -c conftest.c -o conftest2.o >&5
configure:3615: $? = 0
configure:3621: cc -c conftest.c -o conftest2.o >&5
configure:3624: $? = 0
configure:3642: result: yes
configure:3669: checking for an ANSI C-conforming const
configure:3744: gcc -c -g -O2  conftest.c >&5
configure:3750: $? = 0
configure:3765: result: yes
configure:3856: checking build system type
configure:3874: result: x86_64-unknown-linux-gnu
configure:3896: checking host system type
configure:3911: result: x86_64-unknown-linux-gnu
configure:3933: checking for a sed that does not truncate output
configure:3989: result: /bin/sed
configure:3992: checking for grep that handles long lines and -e
configure:4066: result: /bin/grep
configure:4071: checking for egrep
configure:4149: result: /bin/grep -E
configure:4165: checking for ld used by gcc
configure:4232: result: /usr/bin/ld
configure:4241: checking if the linker (/usr/bin/ld) is GNU ld
configure:4256: result: yes
configure:4261: checking for /usr/bin/ld option to reload object files
configure:4268: result: -r
configure:4286: checking for BSD-compatible nm
configure:4335: result: /usr/bin/nm -B
configure:4339: checking whether ln -s works
configure:4343: result: yes
configure:4350: checking how to recognize dependent libraries
configure:4536: result: pass_all
configure:4623: gcc -c -g -O2  conftest.c >&5
configure:4626: $? = 0
configure:4779: checking how to run the C preprocessor
configure:4819: gcc -E  conftest.c
configure:4825: $? = 0
configure:4856: gcc -E  conftest.c
conftest.c:10:28: error: ac_nonexistent.h: No such file or directory
configure:4862: $? = 1
configure: failed program was:
| /* confdefs.h.  */
| #define PACKAGE_NAME "freeglut library"
| #define PACKAGE_TARNAME "freeglut"
| #define PACKAGE_VERSION "2.6.0"
| #define PACKAGE_STRING "freeglut library 2.6.0"
| #define PACKAGE_BUGREPORT "freeglut-bugs@lists.sourceforge.net"
| #define PACKAGE "freeglut"
| #define VERSION "2.6.0"
| /* end confdefs.h.  */
| #include <ac_nonexistent.h>
configure:4895: result: gcc -E
configure:4924: gcc -E  conftest.c
configure:4930: $? = 0
configure:4961: gcc -E  conftest.c
conftest.c:10:28: error: ac_nonexistent.h: No such file or directory
configure:4967: $? = 1
configure: failed program was:
| /* confdefs.h.  */
| #define PACKAGE_NAME "freeglut library"
| #define PACKAGE_TARNAME "freeglut"
| #define PACKAGE_VERSION "2.6.0"
| #define PACKAGE_STRING "freeglut library 2.6.0"
| #define PACKAGE_BUGREPORT "freeglut-bugs@lists.sourceforge.net"
| #define PACKAGE "freeglut"
| #define VERSION "2.6.0"
| /* end confdefs.h.  */
| #include <ac_nonexistent.h>
configure:5005: checking for ANSI C header files
configure:5035: gcc -c -g -O2  conftest.c >&5
configure:5041: $? = 0
configure:5140: gcc -o conftest -g -O2   conftest.c  >&5
configure:5143: $? = 0
configure:5149: ./conftest
configure:5152: $? = 0
configure:5169: result: yes
configure:5193: checking for sys/types.h
configure:5214: gcc -c -g -O2  conftest.c >&5
configure:5220: $? = 0
configure:5236: result: yes
configure:5193: checking for sys/stat.h
configure:5214: gcc -c -g -O2  conftest.c >&5
configure:5220: $? = 0
configure:5236: result: yes
configure:5193: checking for stdlib.h
configure:5214: gcc -c -g -O2  conftest.c >&5
configure:5220: $? = 0
configure:5236: result: yes
configure:5193: checking for string.h
configure:5214: gcc -c -g -O2  conftest.c >&5
configure:5220: $? = 0
configure:5236: result: yes
configure:5193: checking for memory.h
configure:5214: gcc -c -g -O2  conftest.c >&5
configure:5220: $? = 0
configure:5236: result: yes
configure:5193: checking for strings.h
configure:5214: gcc -c -g -O2  conftest.c >&5
configure:5220: $? = 0
configure:5236: result: yes
configure:5193: checking for inttypes.h
configure:5214: gcc -c -g -O2  conftest.c >&5
configure:5220: $? = 0
configure:5236: result: yes
configure:5193: checking for stdint.h
configure:5214: gcc -c -g -O2  conftest.c >&5
configure:5220: $? = 0
configure:5236: result: yes
configure:5193: checking for unistd.h
configure:5214: gcc -c -g -O2  conftest.c >&5
configure:5220: $? = 0
configure:5236: result: yes
configure:5263: checking dlfcn.h usability
configure:5280: gcc -c -g -O2  conftest.c >&5
configure:5286: $? = 0
configure:5300: result: yes
configure:5304: checking dlfcn.h presence
configure:5319: gcc -E  conftest.c
configure:5325: $? = 0
configure:5339: result: yes
configure:5372: checking for dlfcn.h
configure:5380: result: yes
configure:5451: checking for g++
configure:5467: found /usr/bin/g++
configure:5478: result: g++
configure:5509: checking for C++ compiler version
configure:5516: g++ --version >&5
g++ (Ubuntu 4.4.3-4ubuntu5) 4.4.3
Copyright (C) 2009 Free Software Foundation, Inc.
This is free software; see the source for copying conditions.  There is NO
warranty; not even for MERCHANTABILITY or FITNESS FOR A PARTICULAR PURPOSE.

configure:5519: $? = 0
configure:5526: g++ -v >&5
Using built-in specs.
Target: x86_64-linux-gnu
Configured with: ../src/configure -v --with-pkgversion='Ubuntu 4.4.3-4ubuntu5' --with-bugurl=file:///usr/share/doc/gcc-4.4/README.Bugs --enable-languages=c,c++,fortran,objc,obj-c++ --prefix=/usr --enable-shared --enable-multiarch --enable-linker-build-id --with-system-zlib --libexecdir=/usr/lib --without-included-gettext --enable-threads=posix --with-gxx-include-dir=/usr/include/c++/4.4 --program-suffix=-4.4 --enable-nls --enable-clocale=gnu --enable-libstdcxx-debug --enable-plugin --enable-objc-gc --disable-werror --with-arch-32=i486 --with-tune=generic --enable-checking=release --build=x86_64-linux-gnu --host=x86_64-linux-gnu --target=x86_64-linux-gnu
Thread model: posix
gcc version 4.4.3 (Ubuntu 4.4.3-4ubuntu5) 
configure:5529: $? = 0
configure:5536: g++ -V >&5
g++: '-V' option must have argument
configure:5539: $? = 1
configure:5542: checking whether we are using the GNU C++ compiler
configure:5571: g++ -c   conftest.cpp >&5
configure:5577: $? = 0
configure:5594: result: yes
configure:5599: checking whether g++ accepts -g
configure:5629: g++ -c -g  conftest.cpp >&5
configure:5635: $? = 0
configure:5734: result: yes
configure:5759: checking dependency style of g++
configure:5850: result: gcc3
configure:5875: checking how to run the C++ preprocessor
configure:5911: g++ -E  conftest.cpp
configure:5917: $? = 0
configure:5948: g++ -E  conftest.cpp
conftest.cpp:21:28: error: ac_nonexistent.h: No such file or directory
configure:5954: $? = 1
configure: failed program was:
| /* confdefs.h.  */
| #define PACKAGE_NAME "freeglut library"
| #define PACKAGE_TARNAME "freeglut"
| #define PACKAGE_VERSION "2.6.0"
| #define PACKAGE_STRING "freeglut library 2.6.0"
| #define PACKAGE_BUGREPORT "freeglut-bugs@lists.sourceforge.net"
| #define PACKAGE "freeglut"
| #define VERSION "2.6.0"
| #define STDC_HEADERS 1
| #define HAVE_SYS_TYPES_H 1
| #define HAVE_SYS_STAT_H 1
| #define HAVE_STDLIB_H 1
| #define HAVE_STRING_H 1
| #define HAVE_MEMORY_H 1
| #define HAVE_STRINGS_H 1
| #define HAVE_INTTYPES_H 1
| #define HAVE_STDINT_H 1
| #define HAVE_UNISTD_H 1
| #define HAVE_DLFCN_H 1
| /* end confdefs.h.  */
| #include <ac_nonexistent.h>
configure:5987: result: g++ -E
configure:6016: g++ -E  conftest.cpp
configure:6022: $? = 0
configure:6053: g++ -E  conftest.cpp
conftest.cpp:21:28: error: ac_nonexistent.h: No such file or directory
configure:6059: $? = 1
configure: failed program was:
| /* confdefs.h.  */
| #define PACKAGE_NAME "freeglut library"
| #define PACKAGE_TARNAME "freeglut"
| #define PACKAGE_VERSION "2.6.0"
| #define PACKAGE_STRING "freeglut library 2.6.0"
| #define PACKAGE_BUGREPORT "freeglut-bugs@lists.sourceforge.net"
| #define PACKAGE "freeglut"
| #define VERSION "2.6.0"
| #define STDC_HEADERS 1
| #define HAVE_SYS_TYPES_H 1
| #define HAVE_SYS_STAT_H 1
| #define HAVE_STDLIB_H 1
| #define HAVE_STRING_H 1
| #define HAVE_MEMORY_H 1
| #define HAVE_STRINGS_H 1
| #define HAVE_INTTYPES_H 1
| #define HAVE_STDINT_H 1
| #define HAVE_UNISTD_H 1
| #define HAVE_DLFCN_H 1
| /* end confdefs.h.  */
| #include <ac_nonexistent.h>
configure:6152: checking for g77
configure:6182: result: no
configure:6152: checking for xlf
configure:6182: result: no
configure:6152: checking for f77
configure:6182: result: no
configure:6152: checking for frt
configure:6182: result: no
configure:6152: checking for pgf77
configure:6182: result: no
configure:6152: checking for cf77
configure:6182: result: no
configure:6152: checking for fort77
configure:6182: result: no
configure:6152: checking for fl32
configure:6182: result: no
configure:6152: checking for af77
configure:6182: result: no
configure:6152: checking for xlf90
configure:6182: result: no
configure:6152: checking for f90
configure:6182: result: no
configure:6152: checking for pgf90
configure:6182: result: no
configure:6152: checking for pghpf
configure:6182: result: no
configure:6152: checking for epcf90
configure:6182: result: no
configure:6152: checking for gfortran
configure:6168: found /usr/bin/gfortran
configure:6179: result: gfortran
configure:6209: checking for Fortran 77 compiler version
configure:6216: gfortran --version >&5
GNU Fortran (Ubuntu 4.4.3-4ubuntu5) 4.4.3
Copyright (C) 2010 Free Software Foundation, Inc.

GNU Fortran comes with NO WARRANTY, to the extent permitted by law.
You may redistribute copies of GNU Fortran
under the terms of the GNU General Public License.
For more information about these matters, see the file named COPYING

configure:6219: $? = 0
configure:6226: gfortran -v >&5
Using built-in specs.
Target: x86_64-linux-gnu
Configured with: ../src/configure -v --with-pkgversion='Ubuntu 4.4.3-4ubuntu5' --with-bugurl=file:///usr/share/doc/gcc-4.4/README.Bugs --enable-languages=c,c++,fortran,objc,obj-c++ --prefix=/usr --enable-shared --enable-multiarch --enable-linker-build-id --with-system-zlib --libexecdir=/usr/lib --without-included-gettext --enable-threads=posix --with-gxx-include-dir=/usr/include/c++/4.4 --program-suffix=-4.4 --enable-nls --enable-clocale=gnu --enable-libstdcxx-debug --enable-plugin --enable-objc-gc --disable-werror --with-arch-32=i486 --with-tune=generic --enable-checking=release --build=x86_64-linux-gnu --host=x86_64-linux-gnu --target=x86_64-linux-gnu
Thread model: posix
gcc version 4.4.3 (Ubuntu 4.4.3-4ubuntu5) 
configure:6229: $? = 0
configure:6236: gfortran -V >&5
gfortran: '-V' option must have argument
configure:6239: $? = 1
configure:6247: checking whether we are using the GNU Fortran 77 compiler
configure:6266: gfortran -c  conftest.F >&5
configure:6272: $? = 0
configure:6289: result: yes
configure:6295: checking whether gfortran accepts -g
configure:6312: gfortran -c -g conftest.f >&5
configure:6318: $? = 0
configure:6334: result: yes
configure:6363: checking the maximum length of command line arguments
configure:6475: result: 1572864
configure:6487: checking command to parse /usr/bin/nm -B output from gcc object
configure:6592: gcc -c -g -O2  conftest.c >&5
configure:6595: $? = 0
configure:6599: /usr/bin/nm -B conftest.o \| sed -n -e 's/^.*[ 	]\([ABCDGIRSTW][ABCDGIRSTW]*\)[ 	][ 	]*\([_A-Za-z][_A-Za-z0-9]*\)$/\1 \2 \2/p' \> conftest.nm
configure:6602: $? = 0
configure:6654: gcc -o conftest -g -O2   conftest.c conftstm.o >&5
configure:6657: $? = 0
configure:6695: result: ok
configure:6699: checking for objdir
configure:6714: result: .libs
configure:6806: checking for ar
configure:6822: found /usr/bin/ar
configure:6833: result: ar
configure:6902: checking for ranlib
configure:6918: found /usr/bin/ranlib
configure:6929: result: ranlib
configure:6998: checking for strip
configure:7014: found /usr/bin/strip
configure:7025: result: strip
configure:7623: checking if gcc supports -fno-rtti -fno-exceptions
configure:7641: gcc -c -g -O2  -fno-rtti -fno-exceptions conftest.c >&5
cc1: warning: command line option "-fno-rtti" is valid for C++/ObjC++ but not for C
configure:7645: $? = 0
configure:7658: result: no
configure:7673: checking for gcc option to produce PIC
configure:7905: result: -fPIC
configure:7913: checking if gcc PIC flag -fPIC works
configure:7931: gcc -c -g -O2  -fPIC -DPIC conftest.c >&5
configure:7935: $? = 0
configure:7948: result: yes
configure:7976: checking if gcc static flag -static works
configure:8004: result: yes
configure:8014: checking if gcc supports -c -o file.o
configure:8035: gcc -c -g -O2  -o out/conftest2.o conftest.c >&5
configure:8039: $? = 0
configure:8061: result: yes
configure:8087: checking whether the gcc linker (/usr/bin/ld -m elf_x86_64) supports shared libraries
configure:9068: result: yes
configure:9089: checking whether -lc should be explicitly linked in
configure:9094: gcc -c -g -O2  conftest.c >&5
configure:9097: $? = 0
configure:9112: gcc -shared conftest.o  -v -Wl,-soname -Wl,conftest -o conftest 2\>\&1 \| grep  -lc  \>/dev/null 2\>\&1
configure:9115: $? = 0
configure:9127: result: no
configure:9135: checking dynamic linker characteristics
configure:9749: result: GNU/Linux ld.so
configure:9773: checking how to hardcode library paths into programs
configure:9798: result: immediate
configure:9812: checking whether stripping libraries is possible
configure:9817: result: yes
configure:9941: checking for shl_load
configure:9997: gcc -o conftest -g -O2   conftest.c  >&5
/tmp/ccxhk2Ci.o: In function `main':
/afs/nada.kth.se/home/w/u1g2opww/gltut/glsdk/freeglut/conftest.c:55: undefined reference to `shl_load'
collect2: ld returned 1 exit status
configure:10003: $? = 1
configure: failed program was:
| /* confdefs.h.  */
| #define PACKAGE_NAME "freeglut library"
| #define PACKAGE_TARNAME "freeglut"
| #define PACKAGE_VERSION "2.6.0"
| #define PACKAGE_STRING "freeglut library 2.6.0"
| #define PACKAGE_BUGREPORT "freeglut-bugs@lists.sourceforge.net"
| #define PACKAGE "freeglut"
| #define VERSION "2.6.0"
| #define STDC_HEADERS 1
| #define HAVE_SYS_TYPES_H 1
| #define HAVE_SYS_STAT_H 1
| #define HAVE_STDLIB_H 1
| #define HAVE_STRING_H 1
| #define HAVE_MEMORY_H 1
| #define HAVE_STRINGS_H 1
| #define HAVE_INTTYPES_H 1
| #define HAVE_STDINT_H 1
| #define HAVE_UNISTD_H 1
| #define HAVE_DLFCN_H 1
| /* end confdefs.h.  */
| /* Define shl_load to an innocuous variant, in case <limits.h> declares shl_load.
|    For example, HP-UX 11i <limits.h> declares gettimeofday.  */
| #define shl_load innocuous_shl_load
| 
| /* System header to define __stub macros and hopefully few prototypes,
|     which can conflict with char shl_load (); below.
|     Prefer <limits.h> to <assert.h> if __STDC__ is defined, since
|     <limits.h> exists even on freestanding compilers.  */
| 
| #ifdef __STDC__
| # include <limits.h>
| #else
| # include <assert.h>
| #endif
| 
| #undef shl_load
| 
| /* Override any GCC internal prototype to avoid an error.
|    Use char because int might match the return type of a GCC
|    builtin and then its argument prototype would still apply.  */
| #ifdef __cplusplus
| extern "C"
| #endif
| char shl_load ();
| /* The GNU C library defines this for functions which it implements
|     to always fail with ENOSYS.  Some functions are actually named
|     something starting with __ and the normal name is an alias.  */
| #if defined __stub_shl_load || defined __stub___shl_load
| choke me
| #endif
| 
| int
| main ()
| {
| return shl_load ();
|   ;
|   return 0;
| }
configure:10020: result: no
configure:10025: checking for shl_load in -ldld
configure:10060: gcc -o conftest -g -O2   conftest.c -ldld   >&5
/usr/bin/ld: cannot find -ldld
collect2: ld returned 1 exit status
configure:10066: $? = 1
configure: failed program was:
| /* confdefs.h.  */
| #define PACKAGE_NAME "freeglut library"
| #define PACKAGE_TARNAME "freeglut"
| #define PACKAGE_VERSION "2.6.0"
| #define PACKAGE_STRING "freeglut library 2.6.0"
| #define PACKAGE_BUGREPORT "freeglut-bugs@lists.sourceforge.net"
| #define PACKAGE "freeglut"
| #define VERSION "2.6.0"
| #define STDC_HEADERS 1
| #define HAVE_SYS_TYPES_H 1
| #define HAVE_SYS_STAT_H 1
| #define HAVE_STDLIB_H 1
| #define HAVE_STRING_H 1
| #define HAVE_MEMORY_H 1
| #define HAVE_STRINGS_H 1
| #define HAVE_INTTYPES_H 1
| #define HAVE_STDINT_H 1
| #define HAVE_UNISTD_H 1
| #define HAVE_DLFCN_H 1
| /* end confdefs.h.  */
| 
| /* Override any GCC internal prototype to avoid an error.
|    Use char because int might match the return type of a GCC
|    builtin and then its argument prototype would still apply.  */
| #ifdef __cplusplus
| extern "C"
| #endif
| char shl_load ();
| int
| main ()
| {
| return shl_load ();
|   ;
|   return 0;
| }
configure:10084: result: no
configure:10089: checking for dlopen
configure:10145: gcc -o conftest -g -O2   conftest.c  >&5
/tmp/ccwj2usn.o: In function `main':
/afs/nada.kth.se/home/w/u1g2opww/gltut/glsdk/freeglut/conftest.c:55: undefined reference to `dlopen'
collect2: ld returned 1 exit status
configure:10151: $? = 1
configure: failed program was:
| /* confdefs.h.  */
| #define PACKAGE_NAME "freeglut library"
| #define PACKAGE_TARNAME "freeglut"
| #define PACKAGE_VERSION "2.6.0"
| #define PACKAGE_STRING "freeglut library 2.6.0"
| #define PACKAGE_BUGREPORT "freeglut-bugs@lists.sourceforge.net"
| #define PACKAGE "freeglut"
| #define VERSION "2.6.0"
| #define STDC_HEADERS 1
| #define HAVE_SYS_TYPES_H 1
| #define HAVE_SYS_STAT_H 1
| #define HAVE_STDLIB_H 1
| #define HAVE_STRING_H 1
| #define HAVE_MEMORY_H 1
| #define HAVE_STRINGS_H 1
| #define HAVE_INTTYPES_H 1
| #define HAVE_STDINT_H 1
| #define HAVE_UNISTD_H 1
| #define HAVE_DLFCN_H 1
| /* end confdefs.h.  */
| /* Define dlopen to an innocuous variant, in case <limits.h> declares dlopen.
|    For example, HP-UX 11i <limits.h> declares gettimeofday.  */
| #define dlopen innocuous_dlopen
| 
| /* System header to define __stub macros and hopefully few prototypes,
|     which can conflict with char dlopen (); below.
|     Prefer <limits.h> to <assert.h> if __STDC__ is defined, since
|     <limits.h> exists even on freestanding compilers.  */
| 
| #ifdef __STDC__
| # include <limits.h>
| #else
| # include <assert.h>
| #endif
| 
| #undef dlopen
| 
| /* Override any GCC internal prototype to avoid an error.
|    Use char because int might match the return type of a GCC
|    builtin and then its argument prototype would still apply.  */
| #ifdef __cplusplus
| extern "C"
| #endif
| char dlopen ();
| /* The GNU C library defines this for functions which it implements
|     to always fail with ENOSYS.  Some functions are actually named
|     something starting with __ and the normal name is an alias.  */
| #if defined __stub_dlopen || defined __stub___dlopen
| choke me
| #endif
| 
| int
| main ()
| {
| return dlopen ();
|   ;
|   return 0;
| }
configure:10168: result: no
configure:10173: checking for dlopen in -ldl
configure:10208: gcc -o conftest -g -O2   conftest.c -ldl   >&5
configure:10214: $? = 0
configure:10232: result: yes
configure:10401: checking whether a program can dlopen itself
configure:10475: gcc -o conftest -g -O2  -DHAVE_DLFCN_H  -Wl,--export-dynamic conftest.c -ldl  >&5
configure: In function 'main':
configure:10471: warning: incompatible implicit declaration of built-in function 'exit'
configure:10478: $? = 0
configure:10496: result: yes
configure:10501: checking whether a statically linked program can dlopen itself
configure:10575: gcc -o conftest -g -O2  -DHAVE_DLFCN_H  -Wl,--export-dynamic -static conftest.c -ldl  >&5
configure: In function 'main':
configure:10571: warning: incompatible implicit declaration of built-in function 'exit'
/tmp/ccXnuXzA.o: In function `main':
/afs/nada.kth.se/home/w/u1g2opww/gltut/glsdk/freeglut/configure:10559: warning: Using 'dlopen' in statically linked applications requires at runtime the shared libraries from the glibc version used for linking
/usr/bin/ld: dynamic STT_GNU_IFUNC symbol `strcmp' with pointer equality in `/usr/lib/gcc/x86_64-linux-gnu/4.4.3/../../../../lib/libc.a(strcmp.o)' can not be used when making an executable; recompile with -fPIE and relink with -pie
collect2: ld returned 1 exit status
configure:10578: $? = 1
configure:10596: result: no
configure:10619: checking if libtool supports shared libraries
configure:10621: result: yes
configure:10624: checking whether to build shared libraries
configure:10645: result: yes
configure:10648: checking whether to build static libraries
configure:10652: result: yes
configure:10746: creating libtool
configure:11339: checking for ld used by g++
configure:11406: result: /usr/bin/ld -m elf_x86_64
configure:11415: checking if the linker (/usr/bin/ld -m elf_x86_64) is GNU ld
configure:11430: result: yes
configure:11481: checking whether the g++ linker (/usr/bin/ld -m elf_x86_64) supports shared libraries
configure:12427: result: yes
configure:12444: g++ -c -g -O2  conftest.cpp >&5
configure:12447: $? = 0
configure:12603: checking for g++ option to produce PIC
configure:12887: result: -fPIC
configure:12895: checking if g++ PIC flag -fPIC works
configure:12913: g++ -c -g -O2  -fPIC -DPIC conftest.cpp >&5
configure:12917: $? = 0
configure:12930: result: yes
configure:12958: checking if g++ static flag -static works
configure:12986: result: yes
configure:12996: checking if g++ supports -c -o file.o
configure:13017: g++ -c -g -O2  -o out/conftest2.o conftest.cpp >&5
configure:13021: $? = 0
configure:13043: result: yes
configure:13069: checking whether the g++ linker (/usr/bin/ld -m elf_x86_64) supports shared libraries
configure:13098: result: yes
configure:13165: checking dynamic linker characteristics
configure:13727: result: GNU/Linux ld.so
configure:13751: checking how to hardcode library paths into programs
configure:13776: result: immediate
configure:14315: checking if libtool supports shared libraries
configure:14317: result: yes
configure:14320: checking whether to build shared libraries
configure:14340: result: yes
configure:14343: checking whether to build static libraries
configure:14347: result: yes
configure:14357: checking for gfortran option to produce PIC
configure:14589: result: -fPIC
configure:14597: checking if gfortran PIC flag -fPIC works
configure:14615: gfortran -c -g -O2 -fPIC conftest.f >&5
configure:14619: $? = 0
configure:14632: result: yes
configure:14660: checking if gfortran static flag -static works
configure:14688: result: yes
configure:14698: checking if gfortran supports -c -o file.o
configure:14719: gfortran -c -g -O2 -o out/conftest2.o conftest.f >&5
configure:14723: $? = 0
configure:14745: result: yes
configure:14771: checking whether the gfortran linker (/usr/bin/ld -m elf_x86_64) supports shared libraries
configure:15732: result: yes
configure:15799: checking dynamic linker characteristics
configure:16361: result: GNU/Linux ld.so
configure:16385: checking how to hardcode library paths into programs
configure:16410: result: immediate
configure:20026: checking for X
configure:20196: gcc -o conftest -g -O2   conftest.c -lX11  >&5
configure:20202: $? = 0
configure:20261: result: libraries , headers 
configure:20422: gcc -o conftest -g -O2   conftest.c   -lX11 >&5
configure:20428: $? = 0
configure:20585: checking for gethostbyname
configure:20641: gcc -o conftest -g -O2   conftest.c  >&5
configure:20647: $? = 0
configure:20664: result: yes
configure:20809: checking for connect
configure:20865: gcc -o conftest -g -O2   conftest.c  >&5
configure:20871: $? = 0
configure:20888: result: yes
configure:20960: checking for remove
configure:21016: gcc -o conftest -g -O2   conftest.c  >&5
configure:21022: $? = 0
configure:21039: result: yes
configure:21111: checking for shmat
configure:21167: gcc -o conftest -g -O2   conftest.c  >&5
configure:21173: $? = 0
configure:21190: result: yes
configure:21271: checking for IceConnectionNumber in -lICE
configure:21306: gcc -o conftest -g -O2   conftest.c -lICE   >&5
configure:21312: $? = 0
configure:21330: result: yes
configure:21349: checking for XF86VidModeSwitchToMode in -lXxf86vm
configure:21384: gcc -o conftest -g -O2   conftest.c -lXxf86vm  -lXext -lX11  >&5
/usr/bin/ld: cannot find -lXxf86vm
collect2: ld returned 1 exit status
configure:21390: $? = 1
configure: failed program was:
| /* confdefs.h.  */
| #define PACKAGE_NAME "freeglut library"
| #define PACKAGE_TARNAME "freeglut"
| #define PACKAGE_VERSION "2.6.0"
| #define PACKAGE_STRING "freeglut library 2.6.0"
| #define PACKAGE_BUGREPORT "freeglut-bugs@lists.sourceforge.net"
| #define PACKAGE "freeglut"
| #define VERSION "2.6.0"
| #define STDC_HEADERS 1
| #define HAVE_SYS_TYPES_H 1
| #define HAVE_SYS_STAT_H 1
| #define HAVE_STDLIB_H 1
| #define HAVE_STRING_H 1
| #define HAVE_MEMORY_H 1
| #define HAVE_STRINGS_H 1
| #define HAVE_INTTYPES_H 1
| #define HAVE_STDINT_H 1
| #define HAVE_UNISTD_H 1
| #define HAVE_DLFCN_H 1
| /* end confdefs.h.  */
| 
| /* Override any GCC internal prototype to avoid an error.
|    Use char because int might match the return type of a GCC
|    builtin and then its argument prototype would still apply.  */
| #ifdef __cplusplus
| extern "C"
| #endif
| char XF86VidModeSwitchToMode ();
| int
| main ()
| {
| return XF86VidModeSwitchToMode ();
|   ;
|   return 0;
| }
configure:21408: result: no
configure:21427: checking for ANSI C header files
configure:21591: result: yes
configure:21625: checking GL/gl.h usability
configure:21642: gcc -c -g -O2   conftest.c >&5
configure:21648: $? = 0
configure:21662: result: yes
configure:21666: checking GL/gl.h presence
configure:21681: gcc -E   conftest.c
configure:21687: $? = 0
configure:21701: result: yes
configure:21734: checking for GL/gl.h
configure:21742: result: yes
configure:21625: checking GL/glu.h usability
configure:21642: gcc -c -g -O2   conftest.c >&5
configure:21648: $? = 0
configure:21662: result: yes
configure:21666: checking GL/glu.h presence
configure:21681: gcc -E   conftest.c
configure:21687: $? = 0
configure:21701: result: yes
configure:21734: checking for GL/glu.h
configure:21742: result: yes
configure:21625: checking GL/glx.h usability
configure:21642: gcc -c -g -O2   conftest.c >&5
configure:21648: $? = 0
configure:21662: result: yes
configure:21666: checking GL/glx.h presence
configure:21681: gcc -E   conftest.c
configure:21687: $? = 0
configure:21701: result: yes
configure:21734: checking for GL/glx.h
configure:21742: result: yes
configure:21625: checking fcntl.h usability
configure:21642: gcc -c -g -O2   conftest.c >&5
configure:21648: $? = 0
configure:21662: result: yes
configure:21666: checking fcntl.h presence
configure:21681: gcc -E   conftest.c
configure:21687: $? = 0
configure:21701: result: yes
configure:21734: checking for fcntl.h
configure:21742: result: yes
configure:21625: checking limits.h usability
configure:21642: gcc -c -g -O2   conftest.c >&5
configure:21648: $? = 0
configure:21662: result: yes
configure:21666: checking limits.h presence
configure:21681: gcc -E   conftest.c
configure:21687: $? = 0
configure:21701: result: yes
configure:21734: checking for limits.h
configure:21742: result: yes
configure:21625: checking sys/ioctl.h usability
configure:21642: gcc -c -g -O2   conftest.c >&5
configure:21648: $? = 0
configure:21662: result: yes
configure:21666: checking sys/ioctl.h presence
configure:21681: gcc -E   conftest.c
configure:21687: $? = 0
configure:21701: result: yes
configure:21734: checking for sys/ioctl.h
configure:21742: result: yes
configure:21625: checking sys/param.h usability
configure:21642: gcc -c -g -O2   conftest.c >&5
configure:21648: $? = 0
configure:21662: result: yes
configure:21666: checking sys/param.h presence
configure:21681: gcc -E   conftest.c
configure:21687: $? = 0
configure:21701: result: yes
configure:21734: checking for sys/param.h
configure:21742: result: yes
configure:21625: checking sys/time.h usability
configure:21642: gcc -c -g -O2   conftest.c >&5
configure:21648: $? = 0
configure:21662: result: yes
configure:21666: checking sys/time.h presence
configure:21681: gcc -E   conftest.c
configure:21687: $? = 0
configure:21701: result: yes
configure:21734: checking for sys/time.h
configure:21742: result: yes
configure:21755: checking whether time.h and sys/time.h may both be included
configure:21785: gcc -c -g -O2   conftest.c >&5
configure:21791: $? = 0
configure:21806: result: yes
configure:21820: checking for X11/extensions/xf86vmode.h
configure:21841: gcc -c -g -O2   conftest.c >&5
conftest.c:33:38: error: X11/extensions/xf86vmode.h: No such file or directory
configure:21847: $? = 1
configure: failed program was:
| /* confdefs.h.  */
| #define PACKAGE_NAME "freeglut library"
| #define PACKAGE_TARNAME "freeglut"
| #define PACKAGE_VERSION "2.6.0"
| #define PACKAGE_STRING "freeglut library 2.6.0"
| #define PACKAGE_BUGREPORT "freeglut-bugs@lists.sourceforge.net"
| #define PACKAGE "freeglut"
| #define VERSION "2.6.0"
| #define STDC_HEADERS 1
| #define HAVE_SYS_TYPES_H 1
| #define HAVE_SYS_STAT_H 1
| #define HAVE_STDLIB_H 1
| #define HAVE_STRING_H 1
| #define HAVE_MEMORY_H 1
| #define HAVE_STRINGS_H 1
| #define HAVE_INTTYPES_H 1
| #define HAVE_STDINT_H 1
| #define HAVE_UNISTD_H 1
| #define HAVE_DLFCN_H 1
| #define STDC_HEADERS 1
| #define HAVE_GL_GL_H 1
| #define HAVE_GL_GLU_H 1
| #define HAVE_GL_GLX_H 1
| #define HAVE_FCNTL_H 1
| #define HAVE_LIMITS_H 1
| #define HAVE_SYS_IOCTL_H 1
| #define HAVE_SYS_PARAM_H 1
| #define HAVE_SYS_TIME_H 1
| #define TIME_WITH_SYS_TIME 1
| /* end confdefs.h.  */
| #include <X11/Xlib.h>
| 
| #include <X11/extensions/xf86vmode.h>
configure:21863: result: no
configure:21890: checking X11/extensions/XI.h usability
configure:21907: gcc -c -g -O2   conftest.c >&5
configure:21913: $? = 0
configure:21927: result: yes
configure:21931: checking X11/extensions/XI.h presence
configure:21946: gcc -E   conftest.c
configure:21952: $? = 0
configure:21966: result: yes
configure:21999: checking for X11/extensions/XI.h
configure:22007: result: yes
configure:21890: checking X11/extensions/XInput.h usability
configure:21907: gcc -c -g -O2   conftest.c >&5
configure:21913: $? = 0
configure:21927: result: yes
configure:21931: checking X11/extensions/XInput.h presence
configure:21946: gcc -E   conftest.c
configure:21952: $? = 0
configure:21966: result: yes
configure:21999: checking for X11/extensions/XInput.h
configure:22007: result: yes
configure:22024: checking whether gcc needs -traditional
configure:22066: result: no
configure:22077: checking for vprintf
configure:22133: gcc -o conftest -g -O2   conftest.c  >&5
conftest.c:56: warning: conflicting types for built-in function 'vprintf'
configure:22139: $? = 0
configure:22157: result: yes
configure:22164: checking for _doprnt
configure:22220: gcc -o conftest -g -O2   conftest.c  >&5
/tmp/cch5wY7v.o: In function `main':
/afs/nada.kth.se/home/w/u1g2opww/gltut/glsdk/freeglut/conftest.c:68: undefined reference to `_doprnt'
collect2: ld returned 1 exit status
configure:22226: $? = 1
configure: failed program was:
| /* confdefs.h.  */
| #define PACKAGE_NAME "freeglut library"
| #define PACKAGE_TARNAME "freeglut"
| #define PACKAGE_VERSION "2.6.0"
| #define PACKAGE_STRING "freeglut library 2.6.0"
| #define PACKAGE_BUGREPORT "freeglut-bugs@lists.sourceforge.net"
| #define PACKAGE "freeglut"
| #define VERSION "2.6.0"
| #define STDC_HEADERS 1
| #define HAVE_SYS_TYPES_H 1
| #define HAVE_SYS_STAT_H 1
| #define HAVE_STDLIB_H 1
| #define HAVE_STRING_H 1
| #define HAVE_MEMORY_H 1
| #define HAVE_STRINGS_H 1
| #define HAVE_INTTYPES_H 1
| #define HAVE_STDINT_H 1
| #define HAVE_UNISTD_H 1
| #define HAVE_DLFCN_H 1
| #define STDC_HEADERS 1
| #define HAVE_GL_GL_H 1
| #define HAVE_GL_GLU_H 1
| #define HAVE_GL_GLX_H 1
| #define HAVE_FCNTL_H 1
| #define HAVE_LIMITS_H 1
| #define HAVE_SYS_IOCTL_H 1
| #define HAVE_SYS_PARAM_H 1
| #define HAVE_SYS_TIME_H 1
| #define TIME_WITH_SYS_TIME 1
| #define HAVE_X11_EXTENSIONS_XI_H 1
| #define HAVE_X11_EXTENSIONS_XINPUT_H 1
| #define HAVE_VPRINTF 1
| /* end confdefs.h.  */
| /* Define _doprnt to an innocuous variant, in case <limits.h> declares _doprnt.
|    For example, HP-UX 11i <limits.h> declares gettimeofday.  */
| #define _doprnt innocuous__doprnt
| 
| /* System header to define __stub macros and hopefully few prototypes,
|     which can conflict with char _doprnt (); below.
|     Prefer <limits.h> to <assert.h> if __STDC__ is defined, since
|     <limits.h> exists even on freestanding compilers.  */
| 
| #ifdef __STDC__
| # include <limits.h>
| #else
| # include <assert.h>
| #endif
| 
| #undef _doprnt
| 
| /* Override any GCC internal prototype to avoid an error.
|    Use char because int might match the return type of a GCC
|    builtin and then its argument prototype would still apply.  */
| #ifdef __cplusplus
| extern "C"
| #endif
| char _doprnt ();
| /* The GNU C library defines this for functions which it implements
|     to always fail with ENOSYS.  Some functions are actually named
|     something starting with __ and the normal name is an alias.  */
| #if defined __stub__doprnt || defined __stub____doprnt
| choke me
| #endif
| 
| int
| main ()
| {
| return _doprnt ();
|   ;
|   return 0;
| }
configure:22243: result: no
configure:22395: checking for cos in -lm
configure:22430: gcc -o conftest -g -O2   conftest.c -lm   >&5
conftest.c:41: warning: conflicting types for built-in function 'cos'
configure:22436: $? = 0
configure:22454: result: yes
configure:22468: checking for gettimeofday
configure:22524: gcc -o conftest -g -O2   conftest.c  >&5
configure:22530: $? = 0
configure:22548: result: yes
configure:22730: creating ./config.status

## ---------------------- ##
## Running config.status. ##
## ---------------------- ##

This file was extended by freeglut library config.status 2.6.0, which was
generated by GNU Autoconf 2.61.  Invocation command line was

  CONFIG_FILES    = 
  CONFIG_HEADERS  = 
  CONFIG_LINKS    = 
  CONFIG_COMMANDS = 
  $ ./config.status 

on yellow-11.csc.kth.se

config.status:692: creating Makefile
config.status:692: creating doc/Makefile
config.status:692: creating include/GL/Makefile
config.status:692: creating include/Makefile
config.status:692: creating progs/Makefile
config.status:692: creating progs/demos/CallbackMaker/Makefile
config.status:692: creating progs/demos/Fractals/Makefile
config.status:692: creating progs/demos/Fractals_random/Makefile
config.status:692: creating progs/demos/Lorenz/Makefile
config.status:692: creating progs/demos/Makefile
config.status:692: creating progs/demos/One/Makefile
config.status:692: creating progs/demos/shapes/Makefile
config.status:692: creating progs/demos/smooth_opengl3/Makefile
config.status:692: creating progs/demos/spaceball/Makefile
config.status:692: creating src/Makefile
config.status:692: creating config.h
config.status:980: executing depfiles commands

## ---------------- ##
## Cache variables. ##
## ---------------- ##

ac_cv_build=x86_64-unknown-linux-gnu
ac_cv_c_compiler_gnu=yes
ac_cv_c_const=yes
ac_cv_cxx_compiler_gnu=yes
ac_cv_env_CCC_set=
ac_cv_env_CCC_value=
ac_cv_env_CC_set=
ac_cv_env_CC_value=
ac_cv_env_CFLAGS_set=
ac_cv_env_CFLAGS_value=
ac_cv_env_CPPFLAGS_set=
ac_cv_env_CPPFLAGS_value=
ac_cv_env_CPP_set=
ac_cv_env_CPP_value=
ac_cv_env_CXXCPP_set=
ac_cv_env_CXXCPP_value=
ac_cv_env_CXXFLAGS_set=
ac_cv_env_CXXFLAGS_value=
ac_cv_env_CXX_set=
ac_cv_env_CXX_value=
ac_cv_env_F77_set=
ac_cv_env_F77_value=
ac_cv_env_FFLAGS_set=
ac_cv_env_FFLAGS_value=
ac_cv_env_LDFLAGS_set=
ac_cv_env_LDFLAGS_value=
ac_cv_env_LIBS_set=
ac_cv_env_LIBS_value=
ac_cv_env_XMKMF_set=
ac_cv_env_XMKMF_value=
ac_cv_env_build_alias_set=
ac_cv_env_build_alias_value=
ac_cv_env_host_alias_set=
ac_cv_env_host_alias_value=
ac_cv_env_target_alias_set=
ac_cv_env_target_alias_value=
ac_cv_f77_compiler_gnu=yes
ac_cv_func__doprnt=no
ac_cv_func_connect=yes
ac_cv_func_dlopen=no
ac_cv_func_gethostbyname=yes
ac_cv_func_gettimeofday=yes
ac_cv_func_remove=yes
ac_cv_func_shl_load=no
ac_cv_func_shmat=yes
ac_cv_func_vprintf=yes
ac_cv_have_x='have_x=yes	ac_x_includes='\'''\''	ac_x_libraries='\'''\'''
ac_cv_header_GL_gl_h=yes
ac_cv_header_GL_glu_h=yes
ac_cv_header_GL_glx_h=yes
ac_cv_header_X11_extensions_XI_h=yes
ac_cv_header_X11_extensions_XInput_h=yes
ac_cv_header_X11_extensions_xf86vmode_h=no
ac_cv_header_dlfcn_h=yes
ac_cv_header_fcntl_h=yes
ac_cv_header_inttypes_h=yes
ac_cv_header_limits_h=yes
ac_cv_header_memory_h=yes
ac_cv_header_stdc=yes
ac_cv_header_stdint_h=yes
ac_cv_header_stdlib_h=yes
ac_cv_header_string_h=yes
ac_cv_header_strings_h=yes
ac_cv_header_sys_ioctl_h=yes
ac_cv_header_sys_param_h=yes
ac_cv_header_sys_stat_h=yes
ac_cv_header_sys_time_h=yes
ac_cv_header_sys_types_h=yes
ac_cv_header_time=yes
ac_cv_header_unistd_h=yes
ac_cv_host=x86_64-unknown-linux-gnu
ac_cv_lib_ICE_IceConnectionNumber=yes
ac_cv_lib_Xxf86vm_XF86VidModeSwitchToMode=no
ac_cv_lib_dl_dlopen=yes
ac_cv_lib_dld_shl_load=no
ac_cv_lib_m_cos=yes
ac_cv_objext=o
ac_cv_path_EGREP='/bin/grep -E'
ac_cv_path_GREP=/bin/grep
ac_cv_path_install='/usr/bin/install -c'
ac_cv_path_mkdir=/bin/mkdir
ac_cv_prog_AWK=gawk
ac_cv_prog_CPP='gcc -E'
ac_cv_prog_CXXCPP='g++ -E'
ac_cv_prog_ac_ct_AR=ar
ac_cv_prog_ac_ct_CC=gcc
ac_cv_prog_ac_ct_CXX=g++
ac_cv_prog_ac_ct_F77=gfortran
ac_cv_prog_ac_ct_RANLIB=ranlib
ac_cv_prog_ac_ct_STRIP=strip
ac_cv_prog_cc_c89=
ac_cv_prog_cc_g=yes
ac_cv_prog_cc_gcc_c_o=yes
ac_cv_prog_cxx_g=yes
ac_cv_prog_f77_g=yes
ac_cv_prog_gcc_traditional=no
ac_cv_prog_make_make_set=yes
am_cv_CC_dependencies_compiler_type=gcc3
am_cv_CXX_dependencies_compiler_type=gcc3
lt_cv_deplibs_check_method=pass_all
lt_cv_dlopen=dlopen
lt_cv_dlopen_libs=-ldl
lt_cv_dlopen_self=yes
lt_cv_dlopen_self_static=no
lt_cv_file_magic_cmd='$MAGIC_CMD'
lt_cv_file_magic_test_file=
lt_cv_ld_reload_flag=-r
lt_cv_objdir=.libs
lt_cv_path_LD=/usr/bin/ld
lt_cv_path_LDCXX='/usr/bin/ld -m elf_x86_64'
lt_cv_path_NM='/usr/bin/nm -B'
lt_cv_path_SED=/bin/sed
lt_cv_prog_compiler_c_o=yes
lt_cv_prog_compiler_c_o_CXX=yes
lt_cv_prog_compiler_c_o_F77=yes
lt_cv_prog_compiler_pic_works=yes
lt_cv_prog_compiler_pic_works_CXX=yes
lt_cv_prog_compiler_pic_works_F77=yes
lt_cv_prog_compiler_rtti_exceptions=no
lt_cv_prog_compiler_static_works=yes
lt_cv_prog_compiler_static_works_CXX=yes
lt_cv_prog_compiler_static_works_F77=yes
lt_cv_prog_gnu_ld=yes
lt_cv_prog_gnu_ldcxx=yes
lt_cv_sys_global_symbol_pipe='sed -n -e '\''s/^.*[ 	]\([ABCDGIRSTW][ABCDGIRSTW]*\)[ 	][ 	]*\([_A-Za-z][_A-Za-z0-9]*\)$/\1 \2 \2/p'\'''
lt_cv_sys_global_symbol_to_c_name_address='sed -n -e '\''s/^: \([^ ]*\) $/  {\"\1\", (lt_ptr) 0},/p'\'' -e '\''s/^[BCDEGRST] \([^ ]*\) \([^ ]*\)$/  {"\2", (lt_ptr) \&\2},/p'\'''
lt_cv_sys_global_symbol_to_cdecl='sed -n -e '\''s/^. .* \(.*\)$/extern int \1;/p'\'''
lt_cv_sys_lib_dlsearch_path_spec='/lib /usr/lib /usr/lib/nvidia-current /usr/lib32/nvidia-current /usr/lib/atlas /usr/lib32/alsa-lib /usr/lib/alsa-lib /usr/local/lib /usr/lib64/panda3d /lib/x86_64-linux-gnu /usr/lib/x86_64-linux-gnu '
lt_cv_sys_lib_search_path_spec='/usr/lib/gcc/x86_64-linux-gnu/4.4.3 /usr/lib /lib /usr/lib/x86_64-linux-gnu'
lt_cv_sys_max_cmd_len=1572864
lt_lt_cv_prog_compiler_c_o='"yes"'
lt_lt_cv_prog_compiler_c_o_CXX='"yes"'
lt_lt_cv_prog_compiler_c_o_F77='"yes"'
lt_lt_cv_sys_global_symbol_pipe='"sed -n -e '\''s/^.*[ 	]\\([ABCDGIRSTW][ABCDGIRSTW]*\\)[ 	][ 	]*\\([_A-Za-z][_A-Za-z0-9]*\\)\$/\\1 \\2 \\2/p'\''"'
lt_lt_cv_sys_global_symbol_to_c_name_address='"sed -n -e '\''s/^: \\([^ ]*\\) \$/  {\\\"\\1\\\", (lt_ptr) 0},/p'\'' -e '\''s/^[BCDEGRST] \\([^ ]*\\) \\([^ ]*\\)\$/  {\"\\2\", (lt_ptr) \\&\\2},/p'\''"'
lt_lt_cv_sys_global_symbol_to_cdecl='"sed -n -e '\''s/^. .* \\(.*\\)\$/extern int \\1;/p'\''"'

## ----------------- ##
## Output variables. ##
## ----------------- ##

ACLOCAL='${SHELL} /afs/nada.kth.se/home/w/u1g2opww/gltut/glsdk/freeglut/missing --run aclocal-1.10'
AMDEPBACKSLASH='\'
AMDEP_FALSE='#'
AMDEP_TRUE=''
AMTAR='${SHELL} /afs/nada.kth.se/home/w/u1g2opww/gltut/glsdk/freeglut/missing --run tar'
AR='ar'
AUTOCONF='${SHELL} /afs/nada.kth.se/home/w/u1g2opww/gltut/glsdk/freeglut/missing --run autoconf'
AUTOHEADER='${SHELL} /afs/nada.kth.se/home/w/u1g2opww/gltut/glsdk/freeglut/missing --run autoheader'
AUTOMAKE='${SHELL} /afs/nada.kth.se/home/w/u1g2opww/gltut/glsdk/freeglut/missing --run automake-1.10'
AWK='gawk'
CC='gcc'
CCDEPMODE='depmode=gcc3'
CFLAGS='-g -O2 -Wall -pedantic'
CPP='gcc -E'
CPPFLAGS=''
CXX='g++'
CXXCPP='g++ -E'
CXXDEPMODE='depmode=gcc3'
CXXFLAGS='-g -O2'
CYGPATH_W='echo'
DEFS='-DHAVE_CONFIG_H'
DEPDIR='.deps'
DSYMUTIL=''
ECHO='echo'
ECHO_C=''
ECHO_N='-n'
ECHO_T=''
EGREP='/bin/grep -E'
EXEEXT=''
EXPORT_FLAGS=''
F77='gfortran'
FFLAGS='-g -O2'
GL_LIBS='-lGL -lXext -lX11'
GREP='/bin/grep'
HEADER='glut.h'
INSTALL_DATA='${INSTALL} -m 644'
INSTALL_PROGRAM='${INSTALL}'
INSTALL_SCRIPT='${INSTALL}'
INSTALL_STRIP_PROGRAM='$(install_sh) -c -s'
LDFLAGS=''
LIBM='-lm'
LIBOBJS=''
LIBRARY='glut'
LIBS=''
LIBTOOL='$(SHELL) $(top_builddir)/libtool'
LIBTOOL_DEPS='./ltmain.sh'
LIBXI='-lXi'
LIBXXF86VM=''
LN_S='ln -s'
LTLIBOBJS=''
MAKEINFO='${SHELL} /afs/nada.kth.se/home/w/u1g2opww/gltut/glsdk/freeglut/missing --run makeinfo'
NMEDIT=''
OBJEXT='o'
PACKAGE='freeglut'
PACKAGE_BUGREPORT='freeglut-bugs@lists.sourceforge.net'
PACKAGE_NAME='freeglut library'
PACKAGE_STRING='freeglut library 2.6.0'
PACKAGE_TARNAME='freeglut'
PACKAGE_VERSION='2.6.0'
PATH_SEPARATOR=':'
RANLIB='ranlib'
SED='/bin/sed'
SET_MAKE=''
SHELL='/bin/bash'
STRIP='strip'
VERSION='2.6.0'
VERSION_INFO='-version-info 12:0:9'
XMKMF=''
X_CFLAGS=''
X_EXTRA_LIBS=''
X_LIBS=''
X_PRE_LIBS=' -lSM -lICE'
ac_ct_CC='gcc'
ac_ct_CXX='g++'
ac_ct_F77='gfortran'
am__fastdepCC_FALSE='#'
am__fastdepCC_TRUE=''
am__fastdepCXX_FALSE='#'
am__fastdepCXX_TRUE=''
am__include='include'
am__isrc=''
am__leading_dot='.'
am__quote=''
am__tar='${AMTAR} chof - "$$tardir"'
am__untar='${AMTAR} xf -'
bindir='${exec_prefix}/bin'
build='x86_64-unknown-linux-gnu'
build_alias=''
build_cpu='x86_64'
build_os='linux-gnu'
build_vendor='unknown'
datadir='${datarootdir}'
datarootdir='${prefix}/share'
docdir='${datarootdir}/doc/${PACKAGE_TARNAME}'
dvidir='${docdir}'
exec_prefix='${prefix}'
host='x86_64-unknown-linux-gnu'
host_alias=''
host_cpu='x86_64'
host_os='linux-gnu'
host_vendor='unknown'
htmldir='${docdir}'
includedir='${prefix}/include'
infodir='${datarootdir}/info'
install_sh='$(SHELL) /afs/nada.kth.se/home/w/u1g2opww/gltut/glsdk/freeglut/install-sh'
libdir='${exec_prefix}/lib'
libexecdir='${exec_prefix}/libexec'
localedir='${datarootdir}/locale'
localstatedir='${prefix}/var'
mandir='${datarootdir}/man'
mkdir_p='/bin/mkdir -p'
oldincludedir='/usr/include'
pdfdir='${docdir}'
prefix='/usr/local'
program_transform_name='s,x,x,'
psdir='${docdir}'
sbindir='${exec_prefix}/sbin'
sharedstatedir='${prefix}/com'
sysconfdir='${prefix}/etc'
target_alias=''

## ----------- ##
## confdefs.h. ##
## ----------- ##

#define PACKAGE_NAME "freeglut library"
#define PACKAGE_TARNAME "freeglut"
#define PACKAGE_VERSION "2.6.0"
#define PACKAGE_STRING "freeglut library 2.6.0"
#define PACKAGE_BUGREPORT "freeglut-bugs@lists.sourceforge.net"
#define PACKAGE "freeglut"
#define VERSION "2.6.0"
#define STDC_HEADERS 1
#define HAVE_SYS_TYPES_H 1
#define HAVE_SYS_STAT_H 1
#define HAVE_STDLIB_H 1
#define HAVE_STRING_H 1
#define HAVE_MEMORY_H 1
#define HAVE_STRINGS_H 1
#define HAVE_INTTYPES_H 1
#define HAVE_STDINT_H 1
#define HAVE_UNISTD_H 1
#define HAVE_DLFCN_H 1
#define STDC_HEADERS 1
#define HAVE_GL_GL_H 1
#define HAVE_GL_GLU_H 1
#define HAVE_GL_GLX_H 1
#define HAVE_FCNTL_H 1
#define HAVE_LIMITS_H 1
#define HAVE_SYS_IOCTL_H 1
#define HAVE_SYS_PARAM_H 1
#define HAVE_SYS_TIME_H 1
#define TIME_WITH_SYS_TIME 1
#define HAVE_X11_EXTENSIONS_XI_H 1
#define HAVE_X11_EXTENSIONS_XINPUT_H 1
#define HAVE_VPRINTF 1
#define HAVE_GETTIMEOFDAY 1

configure: exit 0
